<?xml version="1.0" encoding="utf-8"?><testsuite errors="0" failures="0" name="pytest" skipped="0" tests="7" time="0.066"><testcase classname="test_Ddt01.TestDdt" file="../../../../../Library/Frameworks/Python.framework/Versions/3.7/lib/python3.7/unittest/case.py" line="90" name="testInterface01" time="0.001"></testcase><testcase classname="test_Ddt01.TestDdt" file="../../../../../Library/Frameworks/Python.framework/Versions/3.7/lib/python3.7/unittest/case.py" line="90" name="testInterface02" time="0.001"></testcase><testcase classname="test_Ddt01.TestDdt" file="../../../../../Library/Frameworks/Python.framework/Versions/3.7/lib/python3.7/unittest/case.py" line="90" name="testInterface03" time="0.001"></testcase><testcase classname="test_Ddt01.TestDdt" file="../../../../../Library/Frameworks/Python.framework/Versions/3.7/lib/python3.7/unittest/case.py" line="90" name="testInterface04" time="0.001"></testcase><testcase classname="test_Ddt01.TestDdt" file="../../../../../Library/Frameworks/Python.framework/Versions/3.7/lib/python3.7/unittest/case.py" line="90" name="testInterface05" time="0.001"></testcase><testcase classname="test_Ddt01.TestDdt" file="test_Ddt01.py" line="65" name="test_show_value_1" time="0.001"></testcase><testcase classname="test_Ddt01.TestDdt" file="test_Ddt01.py" line="65" name="test_show_value_2" time="0.001"></testcase></testsuite>