{
  "uid" : "1dcfe331c5c5d588",
  "name" : "test_Interface02_2__1_",
  "fullName" : "test_Ddt01.TestDdt#test_Interface02_2__1_",
  "historyId" : "2f898b942fadeb873e114f56127640e2",
  "time" : {
    "start" : 1551342395678,
    "stop" : 1551342395678,
    "duration" : 0
  },
  "description" : "Built-in mutable sequence.\n\nIf no argument is given, the constructor creates a new empty list.\nThe argument must be an iterable if specified.",
  "descriptionHtml" : "<p>Built-in mutable sequence.</p>\n<p>If no argument is given, the constructor creates a new empty list.\nThe argument must be an iterable if specified.</p>\n",
  "status" : "failed",
  "statusMessage" : "AssertionError: 3 != 2",
  "statusTrace" : "self = <demo_ddt02.test_Ddt01.TestDdt testMethod=test_Interface02_2__1_>, value1 = 1\n\n    @data([2],[1])\n    @unpack\n    def test_Interface02(self, value1):\n        '''\n        这里写接口请求\n        '''\n        print(value1)\n>       self.assertEqual(3, value1 + 1)\nE       AssertionError: 3 != 2\n\ntest_Ddt01.py:33: AssertionError",
  "flaky" : false,
  "beforeStages" : [ {
    "name" : "_UnitTestCase__pytest_class_setup",
    "time" : {
      "start" : 1551342395585,
      "stop" : 1551342395585,
      "duration" : 0
    },
    "status" : "passed",
    "steps" : [ ],
    "attachments" : [ ],
    "parameters" : [ ],
    "stepsCount" : 0,
    "attachmentsCount" : 0,
    "shouldDisplayMessage" : false,
    "hasContent" : false
  } ],
  "testStage" : {
    "description" : "Built-in mutable sequence.\n\nIf no argument is given, the constructor creates a new empty list.\nThe argument must be an iterable if specified.",
    "status" : "failed",
    "statusMessage" : "AssertionError: 3 != 2",
    "statusTrace" : "self = <demo_ddt02.test_Ddt01.TestDdt testMethod=test_Interface02_2__1_>, value1 = 1\n\n    @data([2],[1])\n    @unpack\n    def test_Interface02(self, value1):\n        '''\n        这里写接口请求\n        '''\n        print(value1)\n>       self.assertEqual(3, value1 + 1)\nE       AssertionError: 3 != 2\n\ntest_Ddt01.py:33: AssertionError",
    "steps" : [ ],
    "attachments" : [ {
      "uid" : "73b03b1cf6169e61",
      "name" : "log",
      "source" : "73b03b1cf6169e61.txt",
      "type" : "text/plain",
      "size" : 0
    }, {
      "uid" : "279f826feac6ff0",
      "name" : "stdout",
      "source" : "279f826feac6ff0.txt",
      "type" : "text/plain",
      "size" : 0
    }, {
      "uid" : "dcdaca8d2749f4cb",
      "name" : "stderr",
      "source" : "dcdaca8d2749f4cb.txt",
      "type" : "text/plain",
      "size" : 0
    } ],
    "parameters" : [ ],
    "stepsCount" : 0,
    "attachmentsCount" : 3,
    "shouldDisplayMessage" : true,
    "hasContent" : true
  },
  "afterStages" : [ {
    "name" : "_UnitTestCase__pytest_class_setup::0",
    "time" : {
      "start" : 1551342395755,
      "stop" : 1551342395755,
      "duration" : 0
    },
    "status" : "passed",
    "steps" : [ ],
    "attachments" : [ ],
    "parameters" : [ ],
    "stepsCount" : 0,
    "attachmentsCount" : 0,
    "shouldDisplayMessage" : false,
    "hasContent" : false
  } ],
  "labels" : [ {
    "name" : "suite",
    "value" : "test_Ddt01"
  }, {
    "name" : "subSuite",
    "value" : "TestDdt"
  }, {
    "name" : "host",
    "value" : "lizdeMacBook-Air.local"
  }, {
    "name" : "thread",
    "value" : "2744-MainThread"
  }, {
    "name" : "framework",
    "value" : "pytest"
  }, {
    "name" : "language",
    "value" : "cpython3"
  }, {
    "name" : "package",
    "value" : "test_Ddt01"
  }, {
    "name" : "resultFormat",
    "value" : "allure2"
  } ],
  "parameters" : [ ],
  "links" : [ ],
  "hidden" : false,
  "retry" : false,
  "extra" : {
    "severity" : "normal",
    "retries" : [ ],
    "categories" : [ {
      "name" : "Product defects",
      "matchedStatuses" : [ ],
      "flaky" : false
    } ],
    "tags" : [ ]
  },
  "source" : "1dcfe331c5c5d588.json",
  "parameterValues" : [ ]
}