{"name": "test_Interface02_2__1_", "status": "failed", "statusDetails": {"message": "AssertionError: 3 != 2", "trace": "self = <demo_ddt02.test_Ddt01.TestDdt testMethod=test_Interface02_2__1_>, value1 = 1\n\n    @data([2],[1])\n    @unpack\n    def test_Interface02(self, value1):\n        '''\n        这里写接口请求\n        '''\n        print(value1)\n>       self.assertEqual(3, value1 + 1)\nE       AssertionError: 3 != 2\n\ntest_Ddt01.py:33: AssertionError"}, "description": "Built-in mutable sequence.\n\nIf no argument is given, the constructor creates a new empty list.\nThe argument must be an iterable if specified.", "attachments": [{"name": "log", "source": "ccf2c879-5d1c-4e30-aeac-f6a9ec0e07a9-attachment.txt", "type": "text/plain"}, {"name": "stdout", "source": "f60a895b-d5bf-43d2-ba4b-52ee6d31793d-attachment.txt", "type": "text/plain"}, {"name": "stderr", "source": "e08ef12d-5009-47e7-afd4-83baa3f33348-attachment.txt", "type": "text/plain"}], "start": 1551342395678, "stop": 1551342395678, "uuid": "b1616497-0c7a-4cc8-b981-af4b2a592027", "historyId": "2f898b942fadeb873e114f56127640e2", "fullName": "test_Ddt01.TestDdt#test_Interface02_2__1_", "labels": [{"name": "suite", "value": "test_Ddt01"}, {"name": "subSuite", "value": "TestDdt"}, {"name": "host", "value": "lizdeMacBook-Air.local"}, {"name": "thread", "value": "2744-MainThread"}, {"name": "framework", "value": "pytest"}, {"name": "language", "value": "cpython3"}, {"name": "package", "value": "test_Ddt01"}]}