{"name": "test_eval[7*5-30]", "status": "failed", "statusDetails": {"message": "AssertionError: assert 35 == 30\n  -35\n  +30", "trace": "test_input = '7*5', expected = 30\n\n    @pytest.mark.parametrize(\"test_input,expected\",[(\"3+5\",8),\n                                                    (\"2+5\",7),\n                                                    (\"7*5\",30),\n                                                    ])\n    def test_eval(test_input,expected):\n        # eval将字符串str当成有效的表达式来求值并返回计算结果\n>       assert eval(test_input)==expected\nE       assert 35 == 30\nE         -35\nE         +30\n\ntest_param_except.py:10: AssertionError"}, "attachments": [{"name": "log", "source": "564d6c98-cd63-4ec1-9d50-28be45b96352-attachment.txt", "type": "text/plain"}, {"name": "stdout", "source": "81066e16-4fac-4929-b8ef-9d98ebae4ccc-attachment.txt", "type": "text/plain"}, {"name": "stderr", "source": "bf470a02-2b80-4bd3-8421-081b49ed0fb3-attachment.txt", "type": "text/plain"}], "parameters": [{"name": "test_input", "value": "'7*5'"}, {"name": "expected", "value": "30"}], "start": 1551342398981, "stop": 1551342398982, "uuid": "9e32846c-e573-4bfd-8a1f-c9fc0cbf5b90", "historyId": "6c2b59ee9aa32df303d9b63c5aee399b", "fullName": "test_param_except#test_eval[7*5-30]", "labels": [{"name": "suite", "value": "test_param_except"}, {"name": "host", "value": "lizdeMacBook-Air.local"}, {"name": "thread", "value": "2744-MainThread"}, {"name": "framework", "value": "pytest"}, {"name": "language", "value": "cpython3"}, {"name": "package", "value": "test_param_except"}]}