{"name": "test_01", "status": "failed", "statusDetails": {"message": "AssertionError: 4 != 1", "trace": "self = <demo_ddt02.test_order_depandency.test_Dep testMethod=test_01>\n\n    @pytest.mark.run(order=1)\n    @pytest.mark.dependency\n    def test_01(self):\n        print('test01')\n>       self.assertEqual(4, 1)\nE       AssertionError: 4 != 1\n\ntest_order_depandency.py:9: AssertionError"}, "attachments": [{"name": "log", "source": "a4db2729-7af6-4d60-9410-dc87d7dd5b49-attachment.txt", "type": "text/plain"}, {"name": "stdout", "source": "afb264ea-486b-44d9-a403-60fc66ea13bd-attachment.txt", "type": "text/plain"}, {"name": "stderr", "source": "052cf8ec-c1de-4cab-82b5-deb8642a80fa-attachment.txt", "type": "text/plain"}], "start": 1551342395570, "stop": 1551342395570, "uuid": "c81aa880-da55-432f-a983-c68ba051b2cb", "historyId": "3407ff1193e58045977012485878f85d", "fullName": "test_order_depandency.test_Dep#test_01", "labels": [{"name": "tag", "value": "dependency"}, {"name": "suite", "value": "test_order_depandency"}, {"name": "subSuite", "value": "test_Dep"}, {"name": "host", "value": "lizdeMacBook-Air.local"}, {"name": "thread", "value": "2744-MainThread"}, {"name": "framework", "value": "pytest"}, {"name": "language", "value": "cpython3"}, {"name": "package", "value": "test_order_depandency"}]}